 ---------------------------------------------------------------------------
                            DFA ECHIVALENT                                       
 ---------------------------------------------------------------------------
Multimea starilor noului dfa este: q1 care a fost formata din vechile: 1 2 3 4 
q2 care a fost formata din vechile: 5 
q3 care a fost formata din vechile: 8 
q4 care a fost formata din vechile: 6 7 
q5 care a fost formata din vechile: 9 
q6 care a fost formata din vechile: 10 
q7 care a fost formata din vechile: 11 
Alfabetul este: a b 
Functiile de tranzitie sunt: 
q1 --> q2 a
q1 --> q3 b
q2 --> q4 b
q3 --> q5 a
q3 --> q6 b
q4 --> q4 a
q4 --> q4 b
q5 --> q7 a
q5 --> q7 b
q6 --> q7 a
q6 --> q7 b
q7 --> q7 a
q7 --> q7 b
Starea initiala este q1
Starile finale sunt: q4 q7 


 ---------------------------------------------------------------------------
                             DFA MINIMIZAT                                       
 ---------------------------------------------------------------------------
Multimea starilor noului dfa minimizat este: M1 care a fost formata din vechile: q1 
M2 care a fost formata din vechile: q2 
M3 care a fost formata din vechile: q3 
M4 care a fost formata din vechile: q4 q7 
M5 care a fost formata din vechile: q5 q6 
Alfabetul este: a b 
Functiile de tranzitie sunt: 
M1 --> M2 a
M1 --> M3 b
M2 --> M4 b
M3 --> M5 a
M3 --> M5 b
M4 --> M4 a
M4 --> M4 b
M5 --> M4 a
M5 --> M4 b
Starea initiala este M1
Starile finale sunt: M4 
